TN:
SF:src/hooks/useQuery.ts
FN:6,useQuery
FNF:1
FNH:1
FNDA:2,useQuery
DA:1,1
DA:2,1
DA:3,1
DA:4,1
DA:5,1
DA:6,1
DA:7,2
DA:8,2
DA:9,2
DA:10,2
DA:11,1
DA:12,1
LF:12
LH:12
BRDA:6,0,0,2
BRDA:9,1,0,2
BRF:2
BRH:2
end_of_record
TN:
SF:tests/mockServer/handlers.ts
FNF:0
FNH:0
DA:1,1
DA:2,1
DA:3,1
DA:4,1
DA:5,0
DA:6,0
DA:7,0
DA:8,0
DA:9,0
DA:10,0
DA:11,1
DA:12,1
DA:13,1
DA:14,1
LF:14
LH:8
BRF:0
BRH:0
end_of_record
TN:
SF:tests/mockServer/server.ts
FNF:0
FNH:0
DA:1,1
DA:2,1
DA:3,1
DA:4,1
DA:5,1
DA:6,1
LF:6
LH:6
BRF:0
BRH:0
end_of_record
